<?xml version="1.0" encoding="UTF-8"?>
<!-- Generated by org.testng.reporters.JUnitReportReporter -->
<testsuite skipped="0" hostname="DESKTOP-L1R5ISL" name="script.InvalidLogin_Test" tests="1" failures="0" timestamp="06 Jul 2022 01:31:14 GMT" time="57.464" errors="0">
  <testcase name="testInvalidLogin" time="57.464" classname="script.InvalidLogin_Test"/>
</testsuite> <!-- script.InvalidLogin_Test -->
