<?xml version="1.0" encoding="UTF-8"?>
<!-- Generated by org.testng.reporters.JUnitReportReporter -->
<testsuite skipped="0" hostname="DESKTOP-L1R5ISL" name="script.VerifyProductVersion_Test" tests="1" failures="0" timestamp="06 Jul 2022 01:48:01 GMT" time="19.501" errors="0">
  <testcase name="testProductVerson" time="19.501" classname="script.VerifyProductVersion_Test"/>
</testsuite> <!-- script.VerifyProductVersion_Test -->
