<?xml version="1.0" encoding="UTF-8"?>
<!-- Generated by org.testng.reporters.JUnitReportReporter -->
<testsuite skipped="0" hostname="DESKTOP-L1R5ISL" name="script.ValidLogin_Test" tests="1" failures="0" timestamp="06 Jul 2022 01:40:04 GMT" time="29.897" errors="0">
  <testcase name="testValidLogin" time="29.897" classname="script.ValidLogin_Test"/>
</testsuite> <!-- script.ValidLogin_Test -->
